<?xml version="1.0" encoding="UTF-8"?>
<testng-results skipped="0" failed="0" ignored="0" total="1" passed="1">
  <reporter-output>
    <line>
      <![CDATA[chrome browser launched]]>
    </line>
    <line>
      <![CDATA[Execution startaboutUsPerform]]>
    </line>
    <line>
      <![CDATA[TestSucessaboutUsPerform]]>
    </line>
  </reporter-output>
  <suite name="Suite" duration-ms="11704" started-at="2020-06-13T12:16:47 IST" finished-at="2020-06-13T12:16:59 IST">
    <groups>
    </groups>
    <test name="Test" duration-ms="11704" started-at="2020-06-13T12:16:47 IST" finished-at="2020-06-13T12:16:59 IST">
      <class name="in.co.istqb.scripts.AboutUsScript">
        <test-method status="PASS" signature="setUp()[pri:0, instance:in.co.istqb.scripts.AboutUsScript@3a4e343]" name="setUp" is-config="true" duration-ms="4903" started-at="2020-06-13T12:16:51 IST" finished-at="2020-06-13T12:16:56 IST">
          <reporter-output>
          </reporter-output>
        </test-method> <!-- setUp -->
        <test-method status="PASS" signature="aboutUsPerform()[pri:0, instance:in.co.istqb.scripts.AboutUsScript@3a4e343]" name="aboutUsPerform" duration-ms="2224" started-at="2020-06-13T12:16:56 IST" finished-at="2020-06-13T12:16:58 IST">
          <reporter-output>
            <line>
              <![CDATA[Execution startaboutUsPerform]]>
            </line>
            <line>
              <![CDATA[TestSucessaboutUsPerform]]>
            </line>
          </reporter-output>
        </test-method> <!-- aboutUsPerform -->
      </class> <!-- in.co.istqb.scripts.AboutUsScript -->
    </test> <!-- Test -->
  </suite> <!-- Suite -->
</testng-results>
